<?xml version="1.0" encoding="UTF-8" ?>
<testsuite failures="0" time="0.719" errors="2" skipped="0" tests="2" name="org.gouri.openmart.reposiorytests.ModelTests">
  <properties>
    <property name="java.runtime.name" value="Java(TM) SE Runtime Environment"/>
    <property name="sun.boot.library.path" value="/Library/Java/JavaVirtualMachines/jdk1.7.0_45.jdk/Contents/Home/jre/lib"/>
    <property name="java.vm.version" value="24.45-b08"/>
    <property name="user.country.format" value="JP"/>
    <property name="gopherProxySet" value="false"/>
    <property name="java.vm.vendor" value="Oracle Corporation"/>
    <property name="java.vendor.url" value="http://java.oracle.com/"/>
    <property name="path.separator" value=":"/>
    <property name="guice.disable.misplaced.annotation.check" value="true"/>
    <property name="java.vm.name" value="Java HotSpot(TM) 64-Bit Server VM"/>
    <property name="file.encoding.pkg" value="sun.io"/>
    <property name="user.country" value="US"/>
    <property name="sun.java.launcher" value="SUN_STANDARD"/>
    <property name="sun.os.patch.level" value="unknown"/>
    <property name="test" value="org.gouri.openmart.reposiorytests.ModelTests"/>
    <property name="java.vm.specification.name" value="Java Virtual Machine Specification"/>
    <property name="user.dir" value="/Users/juddu/Documents/projects/spring/openmart"/>
    <property name="java.runtime.version" value="1.7.0_45-b18"/>
    <property name="java.awt.graphicsenv" value="sun.awt.CGraphicsEnvironment"/>
    <property name="java.endorsed.dirs" value="/Library/Java/JavaVirtualMachines/jdk1.7.0_45.jdk/Contents/Home/jre/lib/endorsed"/>
    <property name="os.arch" value="x86_64"/>
    <property name="java.io.tmpdir" value="/var/folders/hm/5mqlcr3d0svb5y24f73s_3r40000gn/T/"/>
    <property name="line.separator" value="
"/>
    <property name="java.vm.specification.vendor" value="Oracle Corporation"/>
    <property name="os.name" value="Mac OS X"/>
    <property name="maven.ext.class.path" value="/Applications/NetBeans/NetBeans 7.4.app/Contents/Resources/NetBeans/java/maven-nblib/netbeans-eventspy.jar"/>
    <property name="classworlds.conf" value="/usr/local/opt/maven/libexec/bin/m2.conf"/>
    <property name="netbeansProjectMappings" value=""/>
    <property name="sun.jnu.encoding" value="UTF-8"/>
    <property name="java.library.path" value="/Applications/NetBeans/NetBeans 7.4.app/Contents/Resources/NetBeans/webcommon/bin::/Users/juddu/Library/Java/Extensions:/Library/Java/Extensions:/Network/Library/Java/Extensions:/System/Library/Java/Extensions:/usr/lib/java:."/>
    <property name="java.specification.name" value="Java Platform API Specification"/>
    <property name="java.class.version" value="51.0"/>
    <property name="sun.management.compiler" value="HotSpot 64-Bit Tiered Compilers"/>
    <property name="os.version" value="10.9"/>
    <property name="http.nonProxyHosts" value="local|*.local|169.254/16|*.169.254/16"/>
    <property name="user.home" value="/Users/juddu"/>
    <property name="user.timezone" value="Asia/Tokyo"/>
    <property name="java.awt.printerjob" value="sun.lwawt.macosx.CPrinterJob"/>
    <property name="java.specification.version" value="1.7"/>
    <property name="file.encoding" value="UTF-8"/>
    <property name="user.name" value="juddu"/>
    <property name="java.class.path" value="/usr/local/opt/maven/libexec/boot/plexus-classworlds-2.5.1.jar"/>
    <property name="org.slf4j.simpleLogger.defaultLogLevel" value="info"/>
    <property name="java.vm.specification.version" value="1.7"/>
    <property name="sun.arch.data.model" value="64"/>
    <property name="java.home" value="/Library/Java/JavaVirtualMachines/jdk1.7.0_45.jdk/Contents/Home/jre"/>
    <property name="sun.java.command" value="org.codehaus.plexus.classworlds.launcher.Launcher -Dtest=org.gouri.openmart.reposiorytests.ModelTests -DnetbeansProjectMappings= -Dmaven.ext.class.path=/Applications/NetBeans/NetBeans 7.4.app/Contents/Resources/NetBeans/java/maven-nblib/netbeans-eventspy.jar surefire:test"/>
    <property name="java.specification.vendor" value="Oracle Corporation"/>
    <property name="user.language" value="en"/>
    <property name="awt.toolkit" value="sun.lwawt.macosx.LWCToolkit"/>
    <property name="java.vm.info" value="mixed mode"/>
    <property name="java.version" value="1.7.0_45"/>
    <property name="java.ext.dirs" value="/Users/juddu/Library/Java/Extensions:/Library/Java/JavaVirtualMachines/jdk1.7.0_45.jdk/Contents/Home/jre/lib/ext:/Library/Java/Extensions:/Network/Library/Java/Extensions:/System/Library/Java/Extensions:/usr/lib/java"/>
    <property name="sun.boot.class.path" value="/Library/Java/JavaVirtualMachines/jdk1.7.0_45.jdk/Contents/Home/jre/lib/resources.jar:/Library/Java/JavaVirtualMachines/jdk1.7.0_45.jdk/Contents/Home/jre/lib/rt.jar:/Library/Java/JavaVirtualMachines/jdk1.7.0_45.jdk/Contents/Home/jre/lib/sunrsasign.jar:/Library/Java/JavaVirtualMachines/jdk1.7.0_45.jdk/Contents/Home/jre/lib/jsse.jar:/Library/Java/JavaVirtualMachines/jdk1.7.0_45.jdk/Contents/Home/jre/lib/jce.jar:/Library/Java/JavaVirtualMachines/jdk1.7.0_45.jdk/Contents/Home/jre/lib/charsets.jar:/Library/Java/JavaVirtualMachines/jdk1.7.0_45.jdk/Contents/Home/jre/lib/jfr.jar:/Library/Java/JavaVirtualMachines/jdk1.7.0_45.jdk/Contents/Home/jre/lib/JObjC.jar:/Library/Java/JavaVirtualMachines/jdk1.7.0_45.jdk/Contents/Home/jre/classes"/>
    <property name="java.vendor" value="Oracle Corporation"/>
    <property name="maven.home" value="/usr/local/opt/maven/libexec"/>
    <property name="file.separator" value="/"/>
    <property name="java.vendor.url.bug" value="http://bugreport.sun.com/bugreport/"/>
    <property name="sun.cpu.endian" value="little"/>
    <property name="sun.io.unicode.encoding" value="UnicodeBig"/>
    <property name="socksNonProxyHosts" value="local|*.local|169.254/16|*.169.254/16"/>
    <property name="ftp.nonProxyHosts" value="local|*.local|169.254/16|*.169.254/16"/>
    <property name="sun.cpu.isalist" value=""/>
  </properties>
  <testcase time="0.597" classname="org.gouri.openmart.reposiorytests.ModelTests" name="testNewProduct">
    <error type="java.util.EmptyStackException">java.util.EmptyStackException
	at java.util.Stack.peek(Stack.java:102)
	at org.apache.logging.log4j.core.impl.ThrowableProxy.resolvePackageData(ThrowableProxy.java:339)
	at org.apache.logging.log4j.core.impl.ThrowableProxy.&lt;init&gt;(ThrowableProxy.java:71)
	at org.apache.logging.log4j.core.impl.Log4jLogEvent.&lt;init&gt;(Log4jLogEvent.java:110)
	at org.apache.logging.log4j.core.impl.Log4jLogEvent.&lt;init&gt;(Log4jLogEvent.java:81)
	at org.apache.logging.log4j.core.config.LoggerConfig.createEvent(LoggerConfig.java:423)
	at org.apache.logging.log4j.core.config.LoggerConfig.log(LoggerConfig.java:344)
	at org.apache.logging.log4j.core.Logger.log(Logger.java:110)
	at org.apache.logging.log4j.spi.AbstractLoggerWrapper.log(AbstractLoggerWrapper.java:55)
	at org.slf4j.impl.SLF4JLogger.log(SLF4JLogger.java:513)
	at org.apache.commons.logging.impl.SLF4JLocationAwareLog.error(SLF4JLocationAwareLog.java:225)
	at org.springframework.test.context.TestContextManager.prepareTestInstance(TestContextManager.java:314)
	at org.springframework.test.context.junit4.SpringJUnit4ClassRunner.createTest(SpringJUnit4ClassRunner.java:211)
	at org.springframework.test.context.junit4.SpringJUnit4ClassRunner$1.runReflectiveCall(SpringJUnit4ClassRunner.java:288)
	at org.junit.internal.runners.model.ReflectiveCallable.run(ReflectiveCallable.java:12)
	at org.springframework.test.context.junit4.SpringJUnit4ClassRunner.methodBlock(SpringJUnit4ClassRunner.java:284)
	at org.springframework.test.context.junit4.SpringJUnit4ClassRunner.runChild(SpringJUnit4ClassRunner.java:231)
	at org.springframework.test.context.junit4.SpringJUnit4ClassRunner.runChild(SpringJUnit4ClassRunner.java:88)
	at org.junit.runners.ParentRunner$3.run(ParentRunner.java:238)
	at org.junit.runners.ParentRunner$1.schedule(ParentRunner.java:63)
	at org.junit.runners.ParentRunner.runChildren(ParentRunner.java:236)
	at org.junit.runners.ParentRunner.access$000(ParentRunner.java:53)
	at org.junit.runners.ParentRunner$2.evaluate(ParentRunner.java:229)
	at org.junit.internal.runners.statements.RunBefores.evaluate(RunBefores.java:26)
	at org.springframework.test.context.junit4.statements.RunBeforeTestClassCallbacks.evaluate(RunBeforeTestClassCallbacks.java:61)
	at org.junit.internal.runners.statements.RunAfters.evaluate(RunAfters.java:27)
	at org.springframework.test.context.junit4.statements.RunAfterTestClassCallbacks.evaluate(RunAfterTestClassCallbacks.java:71)
	at org.junit.runners.ParentRunner.run(ParentRunner.java:309)
	at org.springframework.test.context.junit4.SpringJUnit4ClassRunner.run(SpringJUnit4ClassRunner.java:174)
	at org.apache.maven.surefire.junit4.JUnit4Provider.execute(JUnit4Provider.java:252)
	at org.apache.maven.surefire.junit4.JUnit4Provider.executeTestSet(JUnit4Provider.java:141)
	at org.apache.maven.surefire.junit4.JUnit4Provider.invoke(JUnit4Provider.java:112)
	at sun.reflect.NativeMethodAccessorImpl.invoke0(Native Method)
	at sun.reflect.NativeMethodAccessorImpl.invoke(NativeMethodAccessorImpl.java:57)
	at sun.reflect.DelegatingMethodAccessorImpl.invoke(DelegatingMethodAccessorImpl.java:43)
	at java.lang.reflect.Method.invoke(Method.java:606)
	at org.apache.maven.surefire.util.ReflectionUtils.invokeMethodWithArray(ReflectionUtils.java:189)
	at org.apache.maven.surefire.booter.ProviderFactory$ProviderProxy.invoke(ProviderFactory.java:165)
	at org.apache.maven.surefire.booter.ProviderFactory.invokeProvider(ProviderFactory.java:85)
	at org.apache.maven.surefire.booter.ForkedBooter.runSuitesInProcess(ForkedBooter.java:115)
	at org.apache.maven.surefire.booter.ForkedBooter.main(ForkedBooter.java:75)
</error>
    <system-out>2013-11-29 00:51:54,596 ERROR Invalid status specified: ON. Defaulting to ERROR
00:51:54.833 [main] INFO  org.springframework.context.support.GenericApplicationContext - Refreshing org.springframework.context.support.GenericApplicationContext@39397f0a: startup date [Fri Nov 29 00:51:54 JST 2013]; root of context hierarchy
00:51:54.833 [main] INFO  org.springframework.context.support.GenericApplicationContext - Refreshing org.springframework.context.support.GenericApplicationContext@39397f0a: startup date [Fri Nov 29 00:51:54 JST 2013]; root of context hierarchy
00:51:54.892 [main] INFO  org.springframework.context.annotation.ClassPathBeanDefinitionScanner - JSR-330 &apos;javax.inject.Named&apos; annotation found and supported for component scanning
00:51:54.892 [main] INFO  org.springframework.context.annotation.ClassPathBeanDefinitionScanner - JSR-330 &apos;javax.inject.Named&apos; annotation found and supported for component scanning
RequestScopeResolver initialized..
00:51:55.143 [main] INFO  org.springframework.beans.factory.annotation.AutowiredAnnotationBeanPostProcessor - JSR-330 &apos;javax.inject.Inject&apos; annotation found and supported for autowiring
00:51:55.143 [main] INFO  org.springframework.beans.factory.annotation.AutowiredAnnotationBeanPostProcessor - JSR-330 &apos;javax.inject.Inject&apos; annotation found and supported for autowiring
00:51:55.201 [main] INFO  org.springframework.beans.factory.support.DefaultListableBeanFactory - Pre-instantiating singletons in org.springframework.beans.factory.support.DefaultListableBeanFactory@4c3e2e5f: defining beans [org.springframework.context.annotation.internalConfigurationAnnotationProcessor,org.springframework.context.annotation.internalAutowiredAnnotationProcessor,org.springframework.context.annotation.internalRequiredAnnotationProcessor,org.springframework.context.annotation.internalCommonAnnotationProcessor,openmartAppConfig,openmartDomainConfig,org.springframework.context.annotation.ConfigurationClassPostProcessor.importAwareProcessor,openmartJongoConfig,homeController,openmart,sample,productRepositoryImpl,reflectionHelper,appScopeResolver,sessionScopeResolver,org.springframework.aop.config.internalAutoProxyCreator,org.springframework.data.repository.core.support.RepositoryInterfaceAwareBeanPostProcessor#0,userRepository,testRepository,appSequenceRepository,manufacturerRepository,addressRepository,productRepository,openmartDb,jongo,productseq,appProps,sequenceConfig,org.springframework.transaction.annotation.ProxyTransactionManagementConfiguration,org.springframework.transaction.config.internalTransactionAdvisor,transactionAttributeSource,transactionInterceptor,productSequence,mongoClient,mongoDbFactory,MongoOperations]; root of factory hierarchy
00:51:55.201 [main] INFO  org.springframework.beans.factory.support.DefaultListableBeanFactory - Pre-instantiating singletons in org.springframework.beans.factory.support.DefaultListableBeanFactory@4c3e2e5f: defining beans [org.springframework.context.annotation.internalConfigurationAnnotationProcessor,org.springframework.context.annotation.internalAutowiredAnnotationProcessor,org.springframework.context.annotation.internalRequiredAnnotationProcessor,org.springframework.context.annotation.internalCommonAnnotationProcessor,openmartAppConfig,openmartDomainConfig,org.springframework.context.annotation.ConfigurationClassPostProcessor.importAwareProcessor,openmartJongoConfig,homeController,openmart,sample,productRepositoryImpl,reflectionHelper,appScopeResolver,sessionScopeResolver,org.springframework.aop.config.internalAutoProxyCreator,org.springframework.data.repository.core.support.RepositoryInterfaceAwareBeanPostProcessor#0,userRepository,testRepository,appSequenceRepository,manufacturerRepository,addressRepository,productRepository,openmartDb,jongo,productseq,appProps,sequenceConfig,org.springframework.transaction.annotation.ProxyTransactionManagementConfiguration,org.springframework.transaction.config.internalTransactionAdvisor,transactionAttributeSource,transactionInterceptor,productSequence,mongoClient,mongoDbFactory,MongoOperations]; root of factory hierarchy
00:51:55.309 [main] INFO  org.springframework.beans.factory.support.DefaultListableBeanFactory - Destroying singletons in org.springframework.beans.factory.support.DefaultListableBeanFactory@4c3e2e5f: defining beans [org.springframework.context.annotation.internalConfigurationAnnotationProcessor,org.springframework.context.annotation.internalAutowiredAnnotationProcessor,org.springframework.context.annotation.internalRequiredAnnotationProcessor,org.springframework.context.annotation.internalCommonAnnotationProcessor,openmartAppConfig,openmartDomainConfig,org.springframework.context.annotation.ConfigurationClassPostProcessor.importAwareProcessor,openmartJongoConfig,homeController,openmart,sample,productRepositoryImpl,reflectionHelper,appScopeResolver,sessionScopeResolver,org.springframework.aop.config.internalAutoProxyCreator,org.springframework.data.repository.core.support.RepositoryInterfaceAwareBeanPostProcessor#0,userRepository,testRepository,appSequenceRepository,manufacturerRepository,addressRepository,productRepository,openmartDb,jongo,productseq,appProps,sequenceConfig,org.springframework.transaction.annotation.ProxyTransactionManagementConfiguration,org.springframework.transaction.config.internalTransactionAdvisor,transactionAttributeSource,transactionInterceptor,productSequence,mongoClient,mongoDbFactory,MongoOperations]; root of factory hierarchy
00:51:55.309 [main] INFO  org.springframework.beans.factory.support.DefaultListableBeanFactory - Destroying singletons in org.springframework.beans.factory.support.DefaultListableBeanFactory@4c3e2e5f: defining beans [org.springframework.context.annotation.internalConfigurationAnnotationProcessor,org.springframework.context.annotation.internalAutowiredAnnotationProcessor,org.springframework.context.annotation.internalRequiredAnnotationProcessor,org.springframework.context.annotation.internalCommonAnnotationProcessor,openmartAppConfig,openmartDomainConfig,org.springframework.context.annotation.ConfigurationClassPostProcessor.importAwareProcessor,openmartJongoConfig,homeController,openmart,sample,productRepositoryImpl,reflectionHelper,appScopeResolver,sessionScopeResolver,org.springframework.aop.config.internalAutoProxyCreator,org.springframework.data.repository.core.support.RepositoryInterfaceAwareBeanPostProcessor#0,userRepository,testRepository,appSequenceRepository,manufacturerRepository,addressRepository,productRepository,openmartDb,jongo,productseq,appProps,sequenceConfig,org.springframework.transaction.annotation.ProxyTransactionManagementConfiguration,org.springframework.transaction.config.internalTransactionAdvisor,transactionAttributeSource,transactionInterceptor,productSequence,mongoClient,mongoDbFactory,MongoOperations]; root of factory hierarchy
</system-out>
  </testcase>
  <testcase time="0.122" classname="org.gouri.openmart.reposiorytests.ModelTests" name="testAnnotationValue">
    <error type="java.util.EmptyStackException">java.util.EmptyStackException
	at java.util.Stack.peek(Stack.java:102)
	at org.apache.logging.log4j.core.impl.ThrowableProxy.resolvePackageData(ThrowableProxy.java:339)
	at org.apache.logging.log4j.core.impl.ThrowableProxy.&lt;init&gt;(ThrowableProxy.java:71)
	at org.apache.logging.log4j.core.impl.Log4jLogEvent.&lt;init&gt;(Log4jLogEvent.java:110)
	at org.apache.logging.log4j.core.impl.Log4jLogEvent.&lt;init&gt;(Log4jLogEvent.java:81)
	at org.apache.logging.log4j.core.config.LoggerConfig.createEvent(LoggerConfig.java:423)
	at org.apache.logging.log4j.core.config.LoggerConfig.log(LoggerConfig.java:344)
	at org.apache.logging.log4j.core.Logger.log(Logger.java:110)
	at org.apache.logging.log4j.spi.AbstractLoggerWrapper.log(AbstractLoggerWrapper.java:55)
	at org.slf4j.impl.SLF4JLogger.log(SLF4JLogger.java:513)
	at org.apache.commons.logging.impl.SLF4JLocationAwareLog.error(SLF4JLocationAwareLog.java:225)
	at org.springframework.test.context.TestContextManager.prepareTestInstance(TestContextManager.java:314)
	at org.springframework.test.context.junit4.SpringJUnit4ClassRunner.createTest(SpringJUnit4ClassRunner.java:211)
	at org.springframework.test.context.junit4.SpringJUnit4ClassRunner$1.runReflectiveCall(SpringJUnit4ClassRunner.java:288)
	at org.junit.internal.runners.model.ReflectiveCallable.run(ReflectiveCallable.java:12)
	at org.springframework.test.context.junit4.SpringJUnit4ClassRunner.methodBlock(SpringJUnit4ClassRunner.java:284)
	at org.springframework.test.context.junit4.SpringJUnit4ClassRunner.runChild(SpringJUnit4ClassRunner.java:231)
	at org.springframework.test.context.junit4.SpringJUnit4ClassRunner.runChild(SpringJUnit4ClassRunner.java:88)
	at org.junit.runners.ParentRunner$3.run(ParentRunner.java:238)
	at org.junit.runners.ParentRunner$1.schedule(ParentRunner.java:63)
	at org.junit.runners.ParentRunner.runChildren(ParentRunner.java:236)
	at org.junit.runners.ParentRunner.access$000(ParentRunner.java:53)
	at org.junit.runners.ParentRunner$2.evaluate(ParentRunner.java:229)
	at org.junit.internal.runners.statements.RunBefores.evaluate(RunBefores.java:26)
	at org.springframework.test.context.junit4.statements.RunBeforeTestClassCallbacks.evaluate(RunBeforeTestClassCallbacks.java:61)
	at org.junit.internal.runners.statements.RunAfters.evaluate(RunAfters.java:27)
	at org.springframework.test.context.junit4.statements.RunAfterTestClassCallbacks.evaluate(RunAfterTestClassCallbacks.java:71)
	at org.junit.runners.ParentRunner.run(ParentRunner.java:309)
	at org.springframework.test.context.junit4.SpringJUnit4ClassRunner.run(SpringJUnit4ClassRunner.java:174)
	at org.apache.maven.surefire.junit4.JUnit4Provider.execute(JUnit4Provider.java:252)
	at org.apache.maven.surefire.junit4.JUnit4Provider.executeTestSet(JUnit4Provider.java:141)
	at org.apache.maven.surefire.junit4.JUnit4Provider.invoke(JUnit4Provider.java:112)
	at sun.reflect.NativeMethodAccessorImpl.invoke0(Native Method)
	at sun.reflect.NativeMethodAccessorImpl.invoke(NativeMethodAccessorImpl.java:57)
	at sun.reflect.DelegatingMethodAccessorImpl.invoke(DelegatingMethodAccessorImpl.java:43)
	at java.lang.reflect.Method.invoke(Method.java:606)
	at org.apache.maven.surefire.util.ReflectionUtils.invokeMethodWithArray(ReflectionUtils.java:189)
	at org.apache.maven.surefire.booter.ProviderFactory$ProviderProxy.invoke(ProviderFactory.java:165)
	at org.apache.maven.surefire.booter.ProviderFactory.invokeProvider(ProviderFactory.java:85)
	at org.apache.maven.surefire.booter.ForkedBooter.runSuitesInProcess(ForkedBooter.java:115)
	at org.apache.maven.surefire.booter.ForkedBooter.main(ForkedBooter.java:75)
</error>
    <system-out>00:51:55.316 [main] INFO  org.springframework.context.support.GenericApplicationContext - Refreshing org.springframework.context.support.GenericApplicationContext@669393d0: startup date [Fri Nov 29 00:51:55 JST 2013]; root of context hierarchy
00:51:55.316 [main] INFO  org.springframework.context.support.GenericApplicationContext - Refreshing org.springframework.context.support.GenericApplicationContext@669393d0: startup date [Fri Nov 29 00:51:55 JST 2013]; root of context hierarchy
00:51:55.319 [main] INFO  org.springframework.context.annotation.ClassPathBeanDefinitionScanner - JSR-330 &apos;javax.inject.Named&apos; annotation found and supported for component scanning
00:51:55.319 [main] INFO  org.springframework.context.annotation.ClassPathBeanDefinitionScanner - JSR-330 &apos;javax.inject.Named&apos; annotation found and supported for component scanning
RequestScopeResolver initialized..
00:51:55.398 [main] INFO  org.springframework.beans.factory.annotation.AutowiredAnnotationBeanPostProcessor - JSR-330 &apos;javax.inject.Inject&apos; annotation found and supported for autowiring
00:51:55.398 [main] INFO  org.springframework.beans.factory.annotation.AutowiredAnnotationBeanPostProcessor - JSR-330 &apos;javax.inject.Inject&apos; annotation found and supported for autowiring
00:51:55.412 [main] INFO  org.springframework.beans.factory.support.DefaultListableBeanFactory - Pre-instantiating singletons in org.springframework.beans.factory.support.DefaultListableBeanFactory@1199ebae: defining beans [org.springframework.context.annotation.internalConfigurationAnnotationProcessor,org.springframework.context.annotation.internalAutowiredAnnotationProcessor,org.springframework.context.annotation.internalRequiredAnnotationProcessor,org.springframework.context.annotation.internalCommonAnnotationProcessor,openmartAppConfig,openmartDomainConfig,org.springframework.context.annotation.ConfigurationClassPostProcessor.importAwareProcessor,openmartJongoConfig,homeController,openmart,sample,productRepositoryImpl,reflectionHelper,appScopeResolver,sessionScopeResolver,org.springframework.aop.config.internalAutoProxyCreator,org.springframework.data.repository.core.support.RepositoryInterfaceAwareBeanPostProcessor#0,addressRepository,testRepository,productRepository,manufacturerRepository,appSequenceRepository,userRepository,openmartDb,jongo,productseq,appProps,sequenceConfig,org.springframework.transaction.annotation.ProxyTransactionManagementConfiguration,org.springframework.transaction.config.internalTransactionAdvisor,transactionAttributeSource,transactionInterceptor,productSequence,mongoClient,mongoDbFactory,MongoOperations]; root of factory hierarchy
00:51:55.412 [main] INFO  org.springframework.beans.factory.support.DefaultListableBeanFactory - Pre-instantiating singletons in org.springframework.beans.factory.support.DefaultListableBeanFactory@1199ebae: defining beans [org.springframework.context.annotation.internalConfigurationAnnotationProcessor,org.springframework.context.annotation.internalAutowiredAnnotationProcessor,org.springframework.context.annotation.internalRequiredAnnotationProcessor,org.springframework.context.annotation.internalCommonAnnotationProcessor,openmartAppConfig,openmartDomainConfig,org.springframework.context.annotation.ConfigurationClassPostProcessor.importAwareProcessor,openmartJongoConfig,homeController,openmart,sample,productRepositoryImpl,reflectionHelper,appScopeResolver,sessionScopeResolver,org.springframework.aop.config.internalAutoProxyCreator,org.springframework.data.repository.core.support.RepositoryInterfaceAwareBeanPostProcessor#0,addressRepository,testRepository,productRepository,manufacturerRepository,appSequenceRepository,userRepository,openmartDb,jongo,productseq,appProps,sequenceConfig,org.springframework.transaction.annotation.ProxyTransactionManagementConfiguration,org.springframework.transaction.config.internalTransactionAdvisor,transactionAttributeSource,transactionInterceptor,productSequence,mongoClient,mongoDbFactory,MongoOperations]; root of factory hierarchy
00:51:55.435 [main] INFO  org.springframework.beans.factory.support.DefaultListableBeanFactory - Destroying singletons in org.springframework.beans.factory.support.DefaultListableBeanFactory@1199ebae: defining beans [org.springframework.context.annotation.internalConfigurationAnnotationProcessor,org.springframework.context.annotation.internalAutowiredAnnotationProcessor,org.springframework.context.annotation.internalRequiredAnnotationProcessor,org.springframework.context.annotation.internalCommonAnnotationProcessor,openmartAppConfig,openmartDomainConfig,org.springframework.context.annotation.ConfigurationClassPostProcessor.importAwareProcessor,openmartJongoConfig,homeController,openmart,sample,productRepositoryImpl,reflectionHelper,appScopeResolver,sessionScopeResolver,org.springframework.aop.config.internalAutoProxyCreator,org.springframework.data.repository.core.support.RepositoryInterfaceAwareBeanPostProcessor#0,addressRepository,testRepository,productRepository,manufacturerRepository,appSequenceRepository,userRepository,openmartDb,jongo,productseq,appProps,sequenceConfig,org.springframework.transaction.annotation.ProxyTransactionManagementConfiguration,org.springframework.transaction.config.internalTransactionAdvisor,transactionAttributeSource,transactionInterceptor,productSequence,mongoClient,mongoDbFactory,MongoOperations]; root of factory hierarchy
00:51:55.435 [main] INFO  org.springframework.beans.factory.support.DefaultListableBeanFactory - Destroying singletons in org.springframework.beans.factory.support.DefaultListableBeanFactory@1199ebae: defining beans [org.springframework.context.annotation.internalConfigurationAnnotationProcessor,org.springframework.context.annotation.internalAutowiredAnnotationProcessor,org.springframework.context.annotation.internalRequiredAnnotationProcessor,org.springframework.context.annotation.internalCommonAnnotationProcessor,openmartAppConfig,openmartDomainConfig,org.springframework.context.annotation.ConfigurationClassPostProcessor.importAwareProcessor,openmartJongoConfig,homeController,openmart,sample,productRepositoryImpl,reflectionHelper,appScopeResolver,sessionScopeResolver,org.springframework.aop.config.internalAutoProxyCreator,org.springframework.data.repository.core.support.RepositoryInterfaceAwareBeanPostProcessor#0,addressRepository,testRepository,productRepository,manufacturerRepository,appSequenceRepository,userRepository,openmartDb,jongo,productseq,appProps,sequenceConfig,org.springframework.transaction.annotation.ProxyTransactionManagementConfiguration,org.springframework.transaction.config.internalTransactionAdvisor,transactionAttributeSource,transactionInterceptor,productSequence,mongoClient,mongoDbFactory,MongoOperations]; root of factory hierarchy
</system-out>
  </testcase>
</testsuite>